This is pdfTeX, Version 3.14159265-2.6-1.40.19 (TeX Live 2018) (preloaded format=pdflatex 2019.2.26)  24 APR 2019 14:15
entering extended mode
 restricted \write18 enabled.
 %&-line parsing enabled.
**Analytics_and_stationar_regime.tex
(./Analytics_and_stationar_regime.tex
LaTeX2e <2018-04-01> patch level 2
Babel <3.18> and hyphenation patterns for 84 language(s) loaded.
(/usr/local/texlive/2018/texmf-dist/tex/latex/base/article.cls
Document Class: article 2014/09/29 v1.4h Standard LaTeX document class
(/usr/local/texlive/2018/texmf-dist/tex/latex/base/size10.clo
File: size10.clo 2014/09/29 v1.4h Standard LaTeX file (size option)
)
\c@part=\count80
\c@section=\count81
\c@subsection=\count82
\c@subsubsection=\count83
\c@paragraph=\count84
\c@subparagraph=\count85
\c@figure=\count86
\c@table=\count87
\abovecaptionskip=\skip41
\belowcaptionskip=\skip42
\bibindent=\dimen102
)
(/usr/local/texlive/2018/texmf-dist/tex/latex/psnfss/times.sty
Package: times 2005/04/12 PSNFSS-v9.2a (SPQR) 
)
(/usr/local/texlive/2018/texmf-dist/tex/latex/graphics/graphicx.sty
Package: graphicx 2017/06/01 v1.1a Enhanced LaTeX Graphics (DPC,SPQR)

(/usr/local/texlive/2018/texmf-dist/tex/latex/graphics/keyval.sty
Package: keyval 2014/10/28 v1.15 key=value parser (DPC)
\KV@toks@=\toks14
)
(/usr/local/texlive/2018/texmf-dist/tex/latex/graphics/graphics.sty
Package: graphics 2017/06/25 v1.2c Standard LaTeX Graphics (DPC,SPQR)

(/usr/local/texlive/2018/texmf-dist/tex/latex/graphics/trig.sty
Package: trig 2016/01/03 v1.10 sin cos tan (DPC)
)
(/usr/local/texlive/2018/texmf-dist/tex/latex/graphics-cfg/graphics.cfg
File: graphics.cfg 2016/06/04 v1.11 sample graphics configuration
)
Package graphics Info: Driver file: pdftex.def on input line 99.

(/usr/local/texlive/2018/texmf-dist/tex/latex/graphics-def/pdftex.def
File: pdftex.def 2018/01/08 v1.0l Graphics/color driver for pdftex
))
\Gin@req@height=\dimen103
\Gin@req@width=\dimen104
)
(/usr/local/texlive/2018/texmf-dist/tex/latex/lineno/lineno.sty
Package: lineno 2005/11/02 line numbers on paragraphs v4.41
\linenopenalty=\count88
\output=\toks15
\linenoprevgraf=\count89
\linenumbersep=\dimen105
\linenumberwidth=\dimen106
\c@linenumber=\count90
\c@pagewiselinenumber=\count91
\c@LN@truepage=\count92
\c@internallinenumber=\count93
\c@internallinenumbers=\count94
\quotelinenumbersep=\dimen107
\bframerule=\dimen108
\bframesep=\dimen109
\bframebox=\box26
LaTeX Info: Redefining \\ on input line 3056.
)
(/usr/local/texlive/2018/texmf-dist/tex/latex/multirow/multirow.sty
Package: multirow 2016/11/25 v2.2 Span multiple rows of a table
\multirow@colwidth=\skip43
\multirow@cntb=\count95
\multirow@dima=\skip44
\bigstrutjot=\dimen110
)
(/usr/local/texlive/2018/texmf-dist/tex/latex/hyperref/hyperref.sty
Package: hyperref 2018/02/06 v6.86b Hypertext links for LaTeX

(/usr/local/texlive/2018/texmf-dist/tex/generic/oberdiek/hobsub-hyperref.sty
Package: hobsub-hyperref 2016/05/16 v1.14 Bundle oberdiek, subset hyperref (HO)


(/usr/local/texlive/2018/texmf-dist/tex/generic/oberdiek/hobsub-generic.sty
Package: hobsub-generic 2016/05/16 v1.14 Bundle oberdiek, subset generic (HO)
Package: hobsub 2016/05/16 v1.14 Construct package bundles (HO)
Package: infwarerr 2016/05/16 v1.4 Providing info/warning/error messages (HO)
Package: ltxcmds 2016/05/16 v1.23 LaTeX kernel commands for general use (HO)
Package: ifluatex 2016/05/16 v1.4 Provides the ifluatex switch (HO)
Package ifluatex Info: LuaTeX not detected.
Package: ifvtex 2016/05/16 v1.6 Detect VTeX and its facilities (HO)
Package ifvtex Info: VTeX not detected.
Package: intcalc 2016/05/16 v1.2 Expandable calculations with integers (HO)
Package: ifpdf 2017/03/15 v3.2 Provides the ifpdf switch
Package: etexcmds 2016/05/16 v1.6 Avoid name clashes with e-TeX commands (HO)
Package etexcmds Info: Could not find \expanded.
(etexcmds)             That can mean that you are not using pdfTeX 1.50 or
(etexcmds)             that some package has redefined \expanded.
(etexcmds)             In the latter case, load this package earlier.
Package: kvsetkeys 2016/05/16 v1.17 Key value parser (HO)
Package: kvdefinekeys 2016/05/16 v1.4 Define keys (HO)
Package: pdftexcmds 2018/01/30 v0.27 Utility functions of pdfTeX for LuaTeX (HO
)
Package pdftexcmds Info: LuaTeX not detected.
Package pdftexcmds Info: \pdf@primitive is available.
Package pdftexcmds Info: \pdf@ifprimitive is available.
Package pdftexcmds Info: \pdfdraftmode found.
Package: pdfescape 2016/05/16 v1.14 Implements pdfTeX's escape features (HO)
Package: bigintcalc 2016/05/16 v1.4 Expandable calculations on big integers (HO
)
Package: bitset 2016/05/16 v1.2 Handle bit-vector datatype (HO)
Package: uniquecounter 2016/05/16 v1.3 Provide unlimited unique counter (HO)
)
Package hobsub Info: Skipping package `hobsub' (already loaded).
Package: letltxmacro 2016/05/16 v1.5 Let assignment for LaTeX macros (HO)
Package: hopatch 2016/05/16 v1.3 Wrapper for package hooks (HO)
Package: xcolor-patch 2016/05/16 xcolor patch
Package: atveryend 2016/05/16 v1.9 Hooks at the very end of document (HO)
Package atveryend Info: \enddocument detected (standard20110627).
Package: atbegshi 2016/06/09 v1.18 At begin shipout hook (HO)
Package: refcount 2016/05/16 v3.5 Data extraction from label references (HO)
Package: hycolor 2016/05/16 v1.8 Color options for hyperref/bookmark (HO)
)
(/usr/local/texlive/2018/texmf-dist/tex/generic/ifxetex/ifxetex.sty
Package: ifxetex 2010/09/12 v0.6 Provides ifxetex conditional
)
(/usr/local/texlive/2018/texmf-dist/tex/latex/oberdiek/auxhook.sty
Package: auxhook 2016/05/16 v1.4 Hooks for auxiliary files (HO)
)
(/usr/local/texlive/2018/texmf-dist/tex/latex/oberdiek/kvoptions.sty
Package: kvoptions 2016/05/16 v3.12 Key value format for package options (HO)
)
\@linkdim=\dimen111
\Hy@linkcounter=\count96
\Hy@pagecounter=\count97

(/usr/local/texlive/2018/texmf-dist/tex/latex/hyperref/pd1enc.def
File: pd1enc.def 2018/02/06 v6.86b Hyperref: PDFDocEncoding definition (HO)
Now handling font encoding PD1 ...
... no UTF-8 mapping file for font encoding PD1
)
\Hy@SavedSpaceFactor=\count98

(/usr/local/texlive/2018/texmf-dist/tex/latex/latexconfig/hyperref.cfg
File: hyperref.cfg 2002/06/06 v1.2 hyperref configuration of TeXLive
)
Package hyperref Info: Hyper figures OFF on input line 4509.
Package hyperref Info: Link nesting OFF on input line 4514.
Package hyperref Info: Hyper index ON on input line 4517.
Package hyperref Info: Plain pages OFF on input line 4524.
Package hyperref Info: Backreferencing OFF on input line 4529.
Package hyperref Info: Implicit mode ON; LaTeX internals redefined.
Package hyperref Info: Bookmarks ON on input line 4762.
\c@Hy@tempcnt=\count99

(/usr/local/texlive/2018/texmf-dist/tex/latex/url/url.sty
\Urlmuskip=\muskip10
Package: url 2013/09/16  ver 3.4  Verb mode for urls, etc.
)
LaTeX Info: Redefining \url on input line 5115.
\XeTeXLinkMargin=\dimen112
\Fld@menulength=\count100
\Field@Width=\dimen113
\Fld@charsize=\dimen114
Package hyperref Info: Hyper figures OFF on input line 6369.
Package hyperref Info: Link nesting OFF on input line 6374.
Package hyperref Info: Hyper index ON on input line 6377.
Package hyperref Info: backreferencing OFF on input line 6384.
Package hyperref Info: Link coloring OFF on input line 6389.
Package hyperref Info: Link coloring with OCG OFF on input line 6394.
Package hyperref Info: PDF/A mode OFF on input line 6399.
LaTeX Info: Redefining \ref on input line 6439.
LaTeX Info: Redefining \pageref on input line 6443.
\Hy@abspage=\count101
\c@Item=\count102
\c@Hfootnote=\count103
)
Package hyperref Info: Driver (autodetected): hpdftex.

(/usr/local/texlive/2018/texmf-dist/tex/latex/hyperref/hpdftex.def
File: hpdftex.def 2018/02/06 v6.86b Hyperref driver for pdfTeX
\Fld@listcount=\count104
\c@bookmark@seq@number=\count105

(/usr/local/texlive/2018/texmf-dist/tex/latex/oberdiek/rerunfilecheck.sty
Package: rerunfilecheck 2016/05/16 v1.8 Rerun checks for auxiliary files (HO)
Package uniquecounter Info: New unique counter `rerunfilecheck' on input line 2
82.
)
\Hy@SectionHShift=\skip45
)
(/usr/local/texlive/2018/texmf-dist/tex/latex/amsfonts/amssymb.sty
Package: amssymb 2013/01/14 v3.01 AMS font symbols

(/usr/local/texlive/2018/texmf-dist/tex/latex/amsfonts/amsfonts.sty
Package: amsfonts 2013/01/14 v3.01 Basic AMSFonts support
\@emptytoks=\toks16
\symAMSa=\mathgroup4
\symAMSb=\mathgroup5
LaTeX Font Info:    Overwriting math alphabet `\mathfrak' in version `bold'
(Font)                  U/euf/m/n --> U/euf/b/n on input line 106.
))
(/usr/local/texlive/2018/texmf-dist/tex/latex/amsmath/amsmath.sty
Package: amsmath 2017/09/02 v2.17a AMS math features
\@mathmargin=\skip46

For additional information on amsmath, use the `?' option.
(/usr/local/texlive/2018/texmf-dist/tex/latex/amsmath/amstext.sty
Package: amstext 2000/06/29 v2.01 AMS text

(/usr/local/texlive/2018/texmf-dist/tex/latex/amsmath/amsgen.sty
File: amsgen.sty 1999/11/30 v2.0 generic functions
\@emptytoks=\toks17
\ex@=\dimen115
))
(/usr/local/texlive/2018/texmf-dist/tex/latex/amsmath/amsbsy.sty
Package: amsbsy 1999/11/29 v1.2d Bold Symbols
\pmbraise@=\dimen116
)
(/usr/local/texlive/2018/texmf-dist/tex/latex/amsmath/amsopn.sty
Package: amsopn 2016/03/08 v2.02 operator names
)
\inf@bad=\count106
LaTeX Info: Redefining \frac on input line 213.
\uproot@=\count107
\leftroot@=\count108
LaTeX Info: Redefining \overline on input line 375.
\classnum@=\count109
\DOTSCASE@=\count110
LaTeX Info: Redefining \ldots on input line 472.
LaTeX Info: Redefining \dots on input line 475.
LaTeX Info: Redefining \cdots on input line 596.
\Mathstrutbox@=\box27
\strutbox@=\box28
\big@size=\dimen117
LaTeX Font Info:    Redeclaring font encoding OML on input line 712.
LaTeX Font Info:    Redeclaring font encoding OMS on input line 713.
\macc@depth=\count111
\c@MaxMatrixCols=\count112
\dotsspace@=\muskip11
\c@parentequation=\count113
\dspbrk@lvl=\count114
\tag@help=\toks18
\row@=\count115
\column@=\count116
\maxfields@=\count117
\andhelp@=\toks19
\eqnshift@=\dimen118
\alignsep@=\dimen119
\tagshift@=\dimen120
\tagwidth@=\dimen121
\totwidth@=\dimen122
\lineht@=\dimen123
\@envbody=\toks20
\multlinegap=\skip47
\multlinetaggap=\skip48
\mathdisplay@stack=\toks21
LaTeX Info: Redefining \[ on input line 2817.
LaTeX Info: Redefining \] on input line 2818.
)
(/usr/local/texlive/2018/texmf-dist/tex/latex/graphics/color.sty
Package: color 2016/07/10 v1.1e Standard LaTeX Color (DPC)

(/usr/local/texlive/2018/texmf-dist/tex/latex/graphics-cfg/color.cfg
File: color.cfg 2016/01/02 v1.6 sample color configuration
)
Package color Info: Driver file: pdftex.def on input line 147.
)
(/usr/local/texlive/2018/texmf-dist/tex/latex/natbib/natbib.sty
Package: natbib 2010/09/13 8.31b (PWD, AO)
\bibhang=\skip49
\bibsep=\skip50
LaTeX Info: Redefining \cite on input line 694.
\c@NAT@ctr=\count118
)
(/usr/local/texlive/2018/texmf-dist/tex/latex/tools/layout.sty
Package: layout 2014/10/28 v1.2c Show layout parameters
\oneinch=\count119
\cnt@paperwidth=\count120
\cnt@paperheight=\count121
\cnt@hoffset=\count122
\cnt@voffset=\count123
\cnt@textheight=\count124
\cnt@textwidth=\count125
\cnt@topmargin=\count126
\cnt@oddsidemargin=\count127
\cnt@evensidemargin=\count128
\cnt@headheight=\count129
\cnt@headsep=\count130
\cnt@marginparsep=\count131
\cnt@marginparwidth=\count132
\cnt@marginparpush=\count133
\cnt@footskip=\count134
\fheight=\count135
\ref@top=\count136
\ref@hoffset=\count137
\ref@voffset=\count138
\ref@head=\count139
\ref@body=\count140
\ref@foot=\count141
\ref@margin=\count142
\ref@marginwidth=\count143
\ref@marginpar=\count144
\Interval=\count145
\ExtraYPos=\count146
\PositionX=\count147
\PositionY=\count148
\ArrowLength=\count149
)
(/usr/local/texlive/2018/texmf-dist/tex/latex/mathtools/mathtools.sty
Package: mathtools 2018/01/08 v1.21 mathematical typesetting tools

(/usr/local/texlive/2018/texmf-dist/tex/latex/tools/calc.sty
Package: calc 2017/05/25 v4.3 Infix arithmetic (KKT,FJ)
\calc@Acount=\count150
\calc@Bcount=\count151
\calc@Adimen=\dimen124
\calc@Bdimen=\dimen125
\calc@Askip=\skip51
\calc@Bskip=\skip52
LaTeX Info: Redefining \setlength on input line 80.
LaTeX Info: Redefining \addtolength on input line 81.
\calc@Ccount=\count152
\calc@Cskip=\skip53
)
(/usr/local/texlive/2018/texmf-dist/tex/latex/mathtools/mhsetup.sty
Package: mhsetup 2017/03/31 v1.3 programming setup (MH)
)
LaTeX Info: Thecontrolsequence`\('isalreadyrobust on input line 129.
LaTeX Info: Thecontrolsequence`\)'isalreadyrobust on input line 129.
LaTeX Info: Thecontrolsequence`\['isalreadyrobust on input line 129.
LaTeX Info: Thecontrolsequence`\]'isalreadyrobust on input line 129.
\g_MT_multlinerow_int=\count153
\l_MT_multwidth_dim=\dimen126
\origjot=\skip54
\l_MT_shortvdotswithinadjustabove_dim=\dimen127
\l_MT_shortvdotswithinadjustbelow_dim=\dimen128
\l_MT_above_intertext_sep=\dimen129
\l_MT_below_intertext_sep=\dimen130
\l_MT_above_shortintertext_sep=\dimen131
\l_MT_below_shortintertext_sep=\dimen132
)
(/usr/local/texlive/2018/texmf-dist/tex/latex/xcolor/xcolor.sty
Package: xcolor 2016/05/11 v2.12 LaTeX color extensions (UK)

(/usr/local/texlive/2018/texmf-dist/tex/latex/graphics-cfg/color.cfg
File: color.cfg 2016/01/02 v1.6 sample color configuration
)
Package xcolor Info: Driver file: pdftex.def on input line 225.
LaTeX Info: Redefining \color on input line 709.
Package xcolor Info: Model `cmy' substituted by `cmy0' on input line 1348.
Package xcolor Info: Model `hsb' substituted by `rgb' on input line 1352.
Package xcolor Info: Model `RGB' extended on input line 1364.
Package xcolor Info: Model `HTML' substituted by `rgb' on input line 1366.
Package xcolor Info: Model `Hsb' substituted by `hsb' on input line 1367.
Package xcolor Info: Model `tHsb' substituted by `hsb' on input line 1368.
Package xcolor Info: Model `HSB' substituted by `hsb' on input line 1369.
Package xcolor Info: Model `Gray' substituted by `gray' on input line 1370.
Package xcolor Info: Model `wave' substituted by `hsb' on input line 1371.
)
(/usr/local/texlive/2018/texmf-dist/tex/latex/tools/enumerate.sty
Package: enumerate 2015/07/23 v3.00 enumerate extensions (DPC)
\@enLab=\toks22
)
(/usr/local/texlive/2018/texmf-dist/tex/latex/preprint/authblk.sty
Package: authblk 2001/02/27 1.3 (PWD)
\affilsep=\skip55
\@affilsep=\skip56
\c@Maxaffil=\count154
\c@authors=\count155
\c@affil=\count156
)
(/usr/local/texlive/2018/texmf-dist/tex/latex/geometry/geometry.sty
Package: geometry 2018/03/24 v5.7 Page Geometry
\Gm@cnth=\count157
\Gm@cntv=\count158
\c@Gm@tempcnt=\count159
\Gm@bindingoffset=\dimen133
\Gm@wd@mp=\dimen134
\Gm@odd@mp=\dimen135
\Gm@even@mp=\dimen136
\Gm@layoutwidth=\dimen137
\Gm@layoutheight=\dimen138
\Gm@layouthoffset=\dimen139
\Gm@layoutvoffset=\dimen140
\Gm@dimlist=\toks23
)
(/usr/local/texlive/2018/texmf-dist/tex/latex/caption/caption.sty
Package: caption 2016/02/21 v3.3-144 Customizing captions (AR)

(/usr/local/texlive/2018/texmf-dist/tex/latex/caption/caption3.sty
Package: caption3 2016/05/22 v1.7-166 caption3 kernel (AR)
Package caption3 Info: TeX engine: e-TeX on input line 67.
\captionmargin=\dimen141
\captionmargin@=\dimen142
\captionwidth=\dimen143
\caption@tempdima=\dimen144
\caption@indent=\dimen145
\caption@parindent=\dimen146
\caption@hangindent=\dimen147
)
\c@ContinuedFloat=\count160
Package caption Info: hyperref package is loaded.
)
(/usr/local/texlive/2018/texmf-dist/tex/latex/caption/subcaption.sty
Package: subcaption 2016/05/22 v1.1-161 Sub-captions (AR)
\c@subfigure=\count161
\c@subtable=\count162
)
(/usr/local/texlive/2018/texmf-dist/tex/latex/todonotes/todonotes.sty
Package: todonotes 2015/07/09 .dtx Todonotes source and documentation.
Package: todonotes 2012/07/25

(/usr/local/texlive/2018/texmf-dist/tex/latex/base/ifthen.sty
Package: ifthen 2014/09/29 v1.1c Standard LaTeX ifthen package (DPC)
)
(/usr/local/texlive/2018/texmf-dist/tex/latex/xkeyval/xkeyval.sty
Package: xkeyval 2014/12/03 v2.7a package option processing (HA)

(/usr/local/texlive/2018/texmf-dist/tex/generic/xkeyval/xkeyval.tex
(/usr/local/texlive/2018/texmf-dist/tex/generic/xkeyval/xkvutils.tex
\XKV@toks=\toks24
\XKV@tempa@toks=\toks25
)
\XKV@depth=\count163
File: xkeyval.tex 2014/12/03 v2.7a key=value parser (HA)
))
(/usr/local/texlive/2018/texmf-dist/tex/latex/pgf/frontendlayer/tikz.sty
(/usr/local/texlive/2018/texmf-dist/tex/latex/pgf/basiclayer/pgf.sty
(/usr/local/texlive/2018/texmf-dist/tex/latex/pgf/utilities/pgfrcs.sty
(/usr/local/texlive/2018/texmf-dist/tex/generic/pgf/utilities/pgfutil-common.te
x
\pgfutil@everybye=\toks26
\pgfutil@tempdima=\dimen148
\pgfutil@tempdimb=\dimen149

(/usr/local/texlive/2018/texmf-dist/tex/generic/pgf/utilities/pgfutil-common-li
sts.tex))
(/usr/local/texlive/2018/texmf-dist/tex/generic/pgf/utilities/pgfutil-latex.def
\pgfutil@abb=\box29
(/usr/local/texlive/2018/texmf-dist/tex/latex/ms/everyshi.sty
Package: everyshi 2001/05/15 v3.00 EveryShipout Package (MS)
))
(/usr/local/texlive/2018/texmf-dist/tex/generic/pgf/utilities/pgfrcs.code.tex
Package: pgfrcs 2015/08/07 v3.0.1a (rcs-revision 1.31)
))
Package: pgf 2015/08/07 v3.0.1a (rcs-revision 1.15)
(/usr/local/texlive/2018/texmf-dist/tex/latex/pgf/basiclayer/pgfcore.sty
(/usr/local/texlive/2018/texmf-dist/tex/latex/pgf/systemlayer/pgfsys.sty
(/usr/local/texlive/2018/texmf-dist/tex/generic/pgf/systemlayer/pgfsys.code.tex
Package: pgfsys 2014/07/09 v3.0.1a (rcs-revision 1.48)
(/usr/local/texlive/2018/texmf-dist/tex/generic/pgf/utilities/pgfkeys.code.tex
\pgfkeys@pathtoks=\toks27
\pgfkeys@temptoks=\toks28

(/usr/local/texlive/2018/texmf-dist/tex/generic/pgf/utilities/pgfkeysfiltered.c
ode.tex
\pgfkeys@tmptoks=\toks29
))
\pgf@x=\dimen150
\pgf@y=\dimen151
\pgf@xa=\dimen152
\pgf@ya=\dimen153
\pgf@xb=\dimen154
\pgf@yb=\dimen155
\pgf@xc=\dimen156
\pgf@yc=\dimen157
\w@pgf@writea=\write3
\r@pgf@reada=\read1
\c@pgf@counta=\count164
\c@pgf@countb=\count165
\c@pgf@countc=\count166
\c@pgf@countd=\count167
\t@pgf@toka=\toks30
\t@pgf@tokb=\toks31
\t@pgf@tokc=\toks32

(/usr/local/texlive/2018/texmf-dist/tex/generic/pgf/systemlayer/pgf.cfg
File: pgf.cfg 2008/05/14  (rcs-revision 1.7)
)
Driver file for pgf: pgfsys-pdftex.def

(/usr/local/texlive/2018/texmf-dist/tex/generic/pgf/systemlayer/pgfsys-pdftex.d
ef
File: pgfsys-pdftex.def 2014/10/11  (rcs-revision 1.35)

(/usr/local/texlive/2018/texmf-dist/tex/generic/pgf/systemlayer/pgfsys-common-p
df.def
File: pgfsys-common-pdf.def 2013/10/10  (rcs-revision 1.13)
)))
(/usr/local/texlive/2018/texmf-dist/tex/generic/pgf/systemlayer/pgfsyssoftpath.
code.tex
File: pgfsyssoftpath.code.tex 2013/09/09  (rcs-revision 1.9)
\pgfsyssoftpath@smallbuffer@items=\count168
\pgfsyssoftpath@bigbuffer@items=\count169
)
(/usr/local/texlive/2018/texmf-dist/tex/generic/pgf/systemlayer/pgfsysprotocol.
code.tex
File: pgfsysprotocol.code.tex 2006/10/16  (rcs-revision 1.4)
))
(/usr/local/texlive/2018/texmf-dist/tex/generic/pgf/basiclayer/pgfcore.code.tex
Package: pgfcore 2010/04/11 v3.0.1a (rcs-revision 1.7)
(/usr/local/texlive/2018/texmf-dist/tex/generic/pgf/math/pgfmath.code.tex
(/usr/local/texlive/2018/texmf-dist/tex/generic/pgf/math/pgfmathcalc.code.tex
(/usr/local/texlive/2018/texmf-dist/tex/generic/pgf/math/pgfmathutil.code.tex)
(/usr/local/texlive/2018/texmf-dist/tex/generic/pgf/math/pgfmathparser.code.tex
\pgfmath@dimen=\dimen158
\pgfmath@count=\count170
\pgfmath@box=\box30
\pgfmath@toks=\toks33
\pgfmath@stack@operand=\toks34
\pgfmath@stack@operation=\toks35
)
(/usr/local/texlive/2018/texmf-dist/tex/generic/pgf/math/pgfmathfunctions.code.
tex
(/usr/local/texlive/2018/texmf-dist/tex/generic/pgf/math/pgfmathfunctions.basic
.code.tex)
(/usr/local/texlive/2018/texmf-dist/tex/generic/pgf/math/pgfmathfunctions.trigo
nometric.code.tex)
(/usr/local/texlive/2018/texmf-dist/tex/generic/pgf/math/pgfmathfunctions.rando
m.code.tex)
(/usr/local/texlive/2018/texmf-dist/tex/generic/pgf/math/pgfmathfunctions.compa
rison.code.tex)
(/usr/local/texlive/2018/texmf-dist/tex/generic/pgf/math/pgfmathfunctions.base.
code.tex)
(/usr/local/texlive/2018/texmf-dist/tex/generic/pgf/math/pgfmathfunctions.round
.code.tex)
(/usr/local/texlive/2018/texmf-dist/tex/generic/pgf/math/pgfmathfunctions.misc.
code.tex)
(/usr/local/texlive/2018/texmf-dist/tex/generic/pgf/math/pgfmathfunctions.integ
erarithmetics.code.tex)))
(/usr/local/texlive/2018/texmf-dist/tex/generic/pgf/math/pgfmathfloat.code.tex
\c@pgfmathroundto@lastzeros=\count171
))
(/usr/local/texlive/2018/texmf-dist/tex/generic/pgf/basiclayer/pgfcorepoints.co
de.tex
File: pgfcorepoints.code.tex 2013/10/07  (rcs-revision 1.27)
\pgf@picminx=\dimen159
\pgf@picmaxx=\dimen160
\pgf@picminy=\dimen161
\pgf@picmaxy=\dimen162
\pgf@pathminx=\dimen163
\pgf@pathmaxx=\dimen164
\pgf@pathminy=\dimen165
\pgf@pathmaxy=\dimen166
\pgf@xx=\dimen167
\pgf@xy=\dimen168
\pgf@yx=\dimen169
\pgf@yy=\dimen170
\pgf@zx=\dimen171
\pgf@zy=\dimen172
)
(/usr/local/texlive/2018/texmf-dist/tex/generic/pgf/basiclayer/pgfcorepathconst
ruct.code.tex
File: pgfcorepathconstruct.code.tex 2013/10/07  (rcs-revision 1.29)
\pgf@path@lastx=\dimen173
\pgf@path@lasty=\dimen174
)
(/usr/local/texlive/2018/texmf-dist/tex/generic/pgf/basiclayer/pgfcorepathusage
.code.tex
File: pgfcorepathusage.code.tex 2014/11/02  (rcs-revision 1.24)
\pgf@shorten@end@additional=\dimen175
\pgf@shorten@start@additional=\dimen176
)
(/usr/local/texlive/2018/texmf-dist/tex/generic/pgf/basiclayer/pgfcorescopes.co
de.tex
File: pgfcorescopes.code.tex 2015/05/08  (rcs-revision 1.46)
\pgfpic=\box31
\pgf@hbox=\box32
\pgf@layerbox@main=\box33
\pgf@picture@serial@count=\count172
)
(/usr/local/texlive/2018/texmf-dist/tex/generic/pgf/basiclayer/pgfcoregraphicst
ate.code.tex
File: pgfcoregraphicstate.code.tex 2014/11/02  (rcs-revision 1.12)
\pgflinewidth=\dimen177
)
(/usr/local/texlive/2018/texmf-dist/tex/generic/pgf/basiclayer/pgfcoretransform
ations.code.tex
File: pgfcoretransformations.code.tex 2015/08/07  (rcs-revision 1.20)
\pgf@pt@x=\dimen178
\pgf@pt@y=\dimen179
\pgf@pt@temp=\dimen180
)
(/usr/local/texlive/2018/texmf-dist/tex/generic/pgf/basiclayer/pgfcorequick.cod
e.tex
File: pgfcorequick.code.tex 2008/10/09  (rcs-revision 1.3)
)
(/usr/local/texlive/2018/texmf-dist/tex/generic/pgf/basiclayer/pgfcoreobjects.c
ode.tex
File: pgfcoreobjects.code.tex 2006/10/11  (rcs-revision 1.2)
)
(/usr/local/texlive/2018/texmf-dist/tex/generic/pgf/basiclayer/pgfcorepathproce
ssing.code.tex
File: pgfcorepathprocessing.code.tex 2013/09/09  (rcs-revision 1.9)
)
(/usr/local/texlive/2018/texmf-dist/tex/generic/pgf/basiclayer/pgfcorearrows.co
de.tex
File: pgfcorearrows.code.tex 2015/05/14  (rcs-revision 1.43)
\pgfarrowsep=\dimen181
)
(/usr/local/texlive/2018/texmf-dist/tex/generic/pgf/basiclayer/pgfcoreshade.cod
e.tex
File: pgfcoreshade.code.tex 2013/07/15  (rcs-revision 1.15)
\pgf@max=\dimen182
\pgf@sys@shading@range@num=\count173
)
(/usr/local/texlive/2018/texmf-dist/tex/generic/pgf/basiclayer/pgfcoreimage.cod
e.tex
File: pgfcoreimage.code.tex 2013/07/15  (rcs-revision 1.18)

(/usr/local/texlive/2018/texmf-dist/tex/generic/pgf/basiclayer/pgfcoreexternal.
code.tex
File: pgfcoreexternal.code.tex 2014/07/09  (rcs-revision 1.21)
\pgfexternal@startupbox=\box34
))
(/usr/local/texlive/2018/texmf-dist/tex/generic/pgf/basiclayer/pgfcorelayers.co
de.tex
File: pgfcorelayers.code.tex 2013/07/18  (rcs-revision 1.7)
)
(/usr/local/texlive/2018/texmf-dist/tex/generic/pgf/basiclayer/pgfcoretranspare
ncy.code.tex
File: pgfcoretransparency.code.tex 2013/09/30  (rcs-revision 1.5)
)
(/usr/local/texlive/2018/texmf-dist/tex/generic/pgf/basiclayer/pgfcorepatterns.
code.tex
File: pgfcorepatterns.code.tex 2013/11/07  (rcs-revision 1.5)
)))
(/usr/local/texlive/2018/texmf-dist/tex/generic/pgf/modules/pgfmoduleshapes.cod
e.tex
File: pgfmoduleshapes.code.tex 2014/03/21  (rcs-revision 1.35)
\pgfnodeparttextbox=\box35
)
(/usr/local/texlive/2018/texmf-dist/tex/generic/pgf/modules/pgfmoduleplot.code.
tex
File: pgfmoduleplot.code.tex 2015/08/03  (rcs-revision 1.13)
)
(/usr/local/texlive/2018/texmf-dist/tex/latex/pgf/compatibility/pgfcomp-version
-0-65.sty
Package: pgfcomp-version-0-65 2007/07/03 v3.0.1a (rcs-revision 1.7)
\pgf@nodesepstart=\dimen183
\pgf@nodesepend=\dimen184
)
(/usr/local/texlive/2018/texmf-dist/tex/latex/pgf/compatibility/pgfcomp-version
-1-18.sty
Package: pgfcomp-version-1-18 2007/07/23 v3.0.1a (rcs-revision 1.1)
))
(/usr/local/texlive/2018/texmf-dist/tex/latex/pgf/utilities/pgffor.sty
(/usr/local/texlive/2018/texmf-dist/tex/latex/pgf/utilities/pgfkeys.sty
(/usr/local/texlive/2018/texmf-dist/tex/generic/pgf/utilities/pgfkeys.code.tex)
) (/usr/local/texlive/2018/texmf-dist/tex/latex/pgf/math/pgfmath.sty
(/usr/local/texlive/2018/texmf-dist/tex/generic/pgf/math/pgfmath.code.tex))
(/usr/local/texlive/2018/texmf-dist/tex/generic/pgf/utilities/pgffor.code.tex
Package: pgffor 2013/12/13 v3.0.1a (rcs-revision 1.25)

(/usr/local/texlive/2018/texmf-dist/tex/generic/pgf/math/pgfmath.code.tex)
\pgffor@iter=\dimen185
\pgffor@skip=\dimen186
\pgffor@stack=\toks36
\pgffor@toks=\toks37
))
(/usr/local/texlive/2018/texmf-dist/tex/generic/pgf/frontendlayer/tikz/tikz.cod
e.tex
Package: tikz 2015/08/07 v3.0.1a (rcs-revision 1.151)

(/usr/local/texlive/2018/texmf-dist/tex/generic/pgf/libraries/pgflibraryplothan
dlers.code.tex
File: pgflibraryplothandlers.code.tex 2013/08/31 v3.0.1a (rcs-revision 1.20)
\pgf@plot@mark@count=\count174
\pgfplotmarksize=\dimen187
)
\tikz@lastx=\dimen188
\tikz@lasty=\dimen189
\tikz@lastxsaved=\dimen190
\tikz@lastysaved=\dimen191
\tikzleveldistance=\dimen192
\tikzsiblingdistance=\dimen193
\tikz@figbox=\box36
\tikz@figbox@bg=\box37
\tikz@tempbox=\box38
\tikz@tempbox@bg=\box39
\tikztreelevel=\count175
\tikznumberofchildren=\count176
\tikznumberofcurrentchild=\count177
\tikz@fig@count=\count178

(/usr/local/texlive/2018/texmf-dist/tex/generic/pgf/modules/pgfmodulematrix.cod
e.tex
File: pgfmodulematrix.code.tex 2013/09/17  (rcs-revision 1.8)
\pgfmatrixcurrentrow=\count179
\pgfmatrixcurrentcolumn=\count180
\pgf@matrix@numberofcolumns=\count181
)
\tikz@expandcount=\count182

(/usr/local/texlive/2018/texmf-dist/tex/generic/pgf/frontendlayer/tikz/librarie
s/tikzlibrarytopaths.code.tex
File: tikzlibrarytopaths.code.tex 2008/06/17 v3.0.1a (rcs-revision 1.2)
)))
(/usr/local/texlive/2018/texmf-dist/tex/generic/pgf/frontendlayer/tikz/librarie
s/tikzlibrarypositioning.code.tex
File: tikzlibrarypositioning.code.tex 2008/10/06 v3.0.1a (rcs-revision 1.7)
)
\c@@todonotes@numberoftodonotes=\count183
) (./Analytics_and_stationar_regime.aux

LaTeX Warning: Label `eq:a-dyn' multiply defined.

)
\openout1 = `Analytics_and_stationar_regime.aux'.

LaTeX Font Info:    Checking defaults for OML/cmm/m/it on input line 59.
LaTeX Font Info:    ... okay on input line 59.
LaTeX Font Info:    Checking defaults for T1/cmr/m/n on input line 59.
LaTeX Font Info:    ... okay on input line 59.
LaTeX Font Info:    Checking defaults for OT1/cmr/m/n on input line 59.
LaTeX Font Info:    ... okay on input line 59.
LaTeX Font Info:    Checking defaults for OMS/cmsy/m/n on input line 59.
LaTeX Font Info:    ... okay on input line 59.
LaTeX Font Info:    Checking defaults for OMX/cmex/m/n on input line 59.
LaTeX Font Info:    ... okay on input line 59.
LaTeX Font Info:    Checking defaults for U/cmr/m/n on input line 59.
LaTeX Font Info:    ... okay on input line 59.
LaTeX Font Info:    Checking defaults for PD1/pdf/m/n on input line 59.
LaTeX Font Info:    ... okay on input line 59.
LaTeX Font Info:    Try loading font information for OT1+ptm on input line 59.
 (/usr/local/texlive/2018/texmf-dist/tex/latex/psnfss/ot1ptm.fd
File: ot1ptm.fd 2001/06/04 font definitions for OT1/ptm.
)
(/usr/local/texlive/2018/texmf-dist/tex/context/base/mkii/supp-pdf.mkii
[Loading MPS to PDF converter (version 2006.09.02).]
\scratchcounter=\count184
\scratchdimen=\dimen194
\scratchbox=\box40
\nofMPsegments=\count185
\nofMParguments=\count186
\everyMPshowfont=\toks38
\MPscratchCnt=\count187
\MPscratchDim=\dimen195
\MPnumerator=\count188
\makeMPintoPDFobject=\count189
\everyMPtoPDFconversion=\toks39
) (/usr/local/texlive/2018/texmf-dist/tex/latex/oberdiek/epstopdf-base.sty
Package: epstopdf-base 2016/05/15 v2.6 Base part for package epstopdf

(/usr/local/texlive/2018/texmf-dist/tex/latex/oberdiek/grfext.sty
Package: grfext 2016/05/16 v1.2 Manage graphics extensions (HO)
)
Package epstopdf-base Info: Redefining graphics rule for `.eps' on input line 4
38.
Package grfext Info: Graphics extension search list:
(grfext)             [.pdf,.png,.jpg,.mps,.jpeg,.jbig2,.jb2,.PDF,.PNG,.JPG,.JPE
G,.JBIG2,.JB2,.eps]
(grfext)             \AppendGraphicsExtensions on input line 456.

(/usr/local/texlive/2018/texmf-dist/tex/latex/latexconfig/epstopdf-sys.cfg
File: epstopdf-sys.cfg 2010/07/13 v1.3 Configuration of (r)epstopdf for TeX Liv
e
))
\AtBeginShipoutBox=\box41
Package hyperref Info: Link coloring OFF on input line 59.

(/usr/local/texlive/2018/texmf-dist/tex/latex/hyperref/nameref.sty
Package: nameref 2016/05/21 v2.44 Cross-referencing by name of section

(/usr/local/texlive/2018/texmf-dist/tex/generic/oberdiek/gettitlestring.sty
Package: gettitlestring 2016/05/16 v1.5 Cleanup title references (HO)
)
\c@section@level=\count190
)
LaTeX Info: Redefining \ref on input line 59.
LaTeX Info: Redefining \pageref on input line 59.
LaTeX Info: Redefining \nameref on input line 59.

(./Analytics_and_stationar_regime.out) (./Analytics_and_stationar_regime.out)
\@outlinefile=\write4
\openout4 = `Analytics_and_stationar_regime.out'.


*geometry* driver: auto-detecting
*geometry* detected driver: pdftex
*geometry* verbose mode - [ preamble ] result:
* driver: pdftex
* paper: <default>
* layout: <same size as paper>
* layoutoffset:(h,v)=(0.0pt,0.0pt)
* modes: 
* h-part:(L,W,R)=(113.81102pt, 443.57848pt, 56.9055pt)
* v-part:(T,H,B)=(71.13188pt, 652.70622pt, 71.13188pt)
* \paperwidth=614.295pt
* \paperheight=794.96999pt
* \textwidth=443.57848pt
* \textheight=652.70622pt
* \oddsidemargin=41.54103pt
* \evensidemargin=41.54103pt
* \topmargin=-38.1381pt
* \headheight=12.0pt
* \headsep=25.0pt
* \topskip=10.0pt
* \footskip=30.0pt
* \marginparwidth=65.0pt
* \marginparsep=11.0pt
* \columnsep=10.0pt
* \skip\footins=9.0pt plus 4.0pt minus 2.0pt
* \hoffset=0.0pt
* \voffset=0.0pt
* \mag=1000
* \@twocolumnfalse
* \@twosidefalse
* \@mparswitchfalse
* \@reversemarginfalse
* (1in=72.27pt=25.4mm, 1cm=28.453pt)

Package caption Info: Begin \AtBeginDocument code.
Package caption Info: End \AtBeginDocument code.
ABD: EveryShipout initializing macros
LaTeX Font Info:    Try loading font information for OT1+phv on input line 62.

(/usr/local/texlive/2018/texmf-dist/tex/latex/psnfss/ot1phv.fd
File: ot1phv.fd 2001/06/04 scalable font definitions for OT1/phv.
)
LaTeX Font Info:    Font shape `OT1/ptm/bx/n' in size <14.4> not available
(Font)              Font shape `OT1/ptm/b/n' tried instead on input line 64.

(./Analytics_and_stationar_regime.toc
LaTeX Font Info:    Font shape `OT1/ptm/bx/n' in size <12> not available
(Font)              Font shape `OT1/ptm/b/n' tried instead on input line 1.
LaTeX Font Info:    Font shape `OT1/ptm/bx/n' in size <10> not available
(Font)              Font shape `OT1/ptm/b/n' tried instead on input line 2.
LaTeX Font Info:    Try loading font information for U+msa on input line 7.

(/usr/local/texlive/2018/texmf-dist/tex/latex/amsfonts/umsa.fd
File: umsa.fd 2013/01/14 v3.01 AMS symbols A
)
LaTeX Font Info:    Try loading font information for U+msb on input line 7.

(/usr/local/texlive/2018/texmf-dist/tex/latex/amsfonts/umsb.fd
File: umsb.fd 2013/01/14 v3.01 AMS symbols B
))
\tf@toc=\write5
\openout5 = `Analytics_and_stationar_regime.toc'.

 [1

{/usr/local/texlive/2018/texmf-var/fonts/map/pdftex/updmap/pdftex.map}

LaTeX Warning: No \author given.

]
LaTeX Font Info:    Font shape `OT1/ptm/bx/n' in size <20.74> not available
(Font)              Font shape `OT1/ptm/b/n' tried instead on input line 72.

Overfull \hbox (3.23604pt too wide) in paragraph at lines 83--83
\OT1/ptm/m/n/10 This sim-ple reactive-diffusion model can be de-scribed us-ing 
de-ter-min-is-tic partial-differential equa-tion or stochas-
 []

[2

]
Underfull \hbox (badness 10000) in paragraph at lines 165--176

 []


Underfull \hbox (badness 10000) in paragraph at lines 198--201

 []

[3]
<tan_lambda.png, id=120, 578.16pt x 303.1325pt>
File: tan_lambda.png Graphic file (type png)
<use tan_lambda.png>
Package pdftex.def Info: tan_lambda.png  used on input line 222.
(pdftex.def)             Requested size: 443.57848pt x 232.57092pt.
 [4 <./tan_lambda.png (PNG copy)>]
Underfull \hbox (badness 10000) in paragraph at lines 271--274

 []

[5]

! Package inputenc Error: Unicode character ะก (U+421)
(inputenc)                not set up for use with LaTeX.

See the inputenc package documentation for explanation.
Type  H <return>  for immediate help.
 ...                                              
                                                  
l.370 ...da_1^{2}D)$, $A(t)\sim \frac{P_1Dะก}{w_A}
                                                  \cdot^{w_A t}$
You may provide a definition with
\DeclareUnicodeCharacter 


Package hyperref Warning: Token not allowed in a PDF string (PDFDocEncoding):
(hyperref)                removing `math shift' on input line 399.


Package hyperref Warning: Token not allowed in a PDF string (PDFDocEncoding):
(hyperref)                removing `math shift' on input line 399.


Package hyperref Warning: Token not allowed in a PDF string (PDFDocEncoding):
(hyperref)                removing `math shift' on input line 411.


Package hyperref Warning: Token not allowed in a PDF string (PDFDocEncoding):
(hyperref)                removing `math shift' on input line 411.

[6]
Underfull \hbox (badness 10000) in paragraph at lines 441--449

 []


Underfull \hbox (badness 10000) in paragraph at lines 441--449

 []

[7]
Package atveryend Info: Empty hook `BeforeClearDocument' on input line 476.
Package atveryend Info: Empty hook `AfterLastShipout' on input line 476.
 (./Analytics_and_stationar_regime.aux)
Package atveryend Info: Executing hook `AtVeryEndDocument' on input line 476.
Package atveryend Info: Executing hook `AtEndAfterFileList' on input line 476.
Package rerunfilecheck Info: File `Analytics_and_stationar_regime.out' has not 
changed.
(rerunfilecheck)             Checksum: B11CAC93A87EF955D01B8E8872A10F2D;935.


LaTeX Warning: There were multiply-defined labels.

Package atveryend Info: Empty hook `AtVeryVeryEnd' on input line 476.
 ) 
Here is how much of TeX's memory you used:
 19185 strings out of 492649
 353687 string characters out of 6129622
 436877 words of memory out of 5000000
 22657 multiletter control sequences out of 15000+600000
 25031 words of font info for 60 fonts, out of 8000000 for 9000
 1141 hyphenation exceptions out of 8191
 62i,18n,77p,494b,387s stack positions out of 5000i,500n,10000p,200000b,80000s
{/usr/local/texlive/2018/texmf-dist/fonts/enc/dvips/base/8r.enc}</usr/local/t
exlive/2018/texmf-dist/fonts/type1/public/amsfonts/cm/cmex10.pfb></usr/local/te
xlive/2018/texmf-dist/fonts/type1/public/amsfonts/cm/cmmi10.pfb></usr/local/tex
live/2018/texmf-dist/fonts/type1/public/amsfonts/cm/cmmi12.pfb></usr/local/texl
ive/2018/texmf-dist/fonts/type1/public/amsfonts/cm/cmmi5.pfb></usr/local/texliv
e/2018/texmf-dist/fonts/type1/public/amsfonts/cm/cmmi7.pfb></usr/local/texlive/
2018/texmf-dist/fonts/type1/public/amsfonts/cm/cmr10.pfb></usr/local/texlive/20
18/texmf-dist/fonts/type1/public/amsfonts/cm/cmr12.pfb></usr/local/texlive/2018
/texmf-dist/fonts/type1/public/amsfonts/cm/cmr5.pfb></usr/local/texlive/2018/te
xmf-dist/fonts/type1/public/amsfonts/cm/cmr7.pfb></usr/local/texlive/2018/texmf
-dist/fonts/type1/public/amsfonts/cm/cmsy10.pfb></usr/local/texlive/2018/texmf-
dist/fonts/type1/public/amsfonts/cm/cmsy7.pfb></usr/local/texlive/2018/texmf-di
st/fonts/type1/urw/helvetic/uhvr8a.pfb></usr/local/texlive/2018/texmf-dist/font
s/type1/urw/times/utmb8a.pfb></usr/local/texlive/2018/texmf-dist/fonts/type1/ur
w/times/utmr8a.pfb>
Output written on Analytics_and_stationar_regime.pdf (7 pages, 181438 bytes).
PDF statistics:
 239 PDF objects out of 1000 (max. 8388607)
 212 compressed objects within 3 object streams
 68 named destinations out of 1000 (max. 500000)
 130 words of extra memory for PDF output out of 10000 (max. 10000000)

